<?xml version="1.0" encoding="UTF-8"?>
<testsuite name="alkemy.test.alkemy.test.AlkemyTestApplicationTests" tests="1" skipped="0" failures="0" errors="0" timestamp="2022-09-25T23:10:28" hostname="Lenovo-Z50-70" time="0.263">
  <properties/>
  <testcase name="contextLoads()" classname="alkemy.test.alkemy.test.AlkemyTestApplicationTests" time="0.263"/>
  <system-out><![CDATA[18:10:24.045 [Test worker] DEBUG org.springframework.test.context.BootstrapUtils - Instantiating CacheAwareContextLoaderDelegate from class [org.springframework.test.context.cache.DefaultCacheAwareContextLoaderDelegate]
18:10:24.062 [Test worker] DEBUG org.springframework.test.context.BootstrapUtils - Instantiating BootstrapContext using constructor [public org.springframework.test.context.support.DefaultBootstrapContext(java.lang.Class,org.springframework.test.context.CacheAwareContextLoaderDelegate)]
18:10:24.109 [Test worker] DEBUG org.springframework.test.context.BootstrapUtils - Instantiating TestContextBootstrapper for test class [alkemy.test.alkemy.test.AlkemyTestApplicationTests] from class [org.springframework.boot.test.context.SpringBootTestContextBootstrapper]
18:10:24.122 [Test worker] INFO org.springframework.boot.test.context.SpringBootTestContextBootstrapper - Neither @ContextConfiguration nor @ContextHierarchy found for test class [alkemy.test.alkemy.test.AlkemyTestApplicationTests], using SpringBootContextLoader
18:10:24.127 [Test worker] DEBUG org.springframework.test.context.support.AbstractContextLoader - Did not detect default resource location for test class [alkemy.test.alkemy.test.AlkemyTestApplicationTests]: class path resource [alkemy/test/alkemy/test/AlkemyTestApplicationTests-context.xml] does not exist
18:10:24.127 [Test worker] DEBUG org.springframework.test.context.support.AbstractContextLoader - Did not detect default resource location for test class [alkemy.test.alkemy.test.AlkemyTestApplicationTests]: class path resource [alkemy/test/alkemy/test/AlkemyTestApplicationTestsContext.groovy] does not exist
18:10:24.128 [Test worker] INFO org.springframework.test.context.support.AbstractContextLoader - Could not detect default resource locations for test class [alkemy.test.alkemy.test.AlkemyTestApplicationTests]: no resource found for suffixes {-context.xml, Context.groovy}.
18:10:24.128 [Test worker] INFO org.springframework.test.context.support.AnnotationConfigContextLoaderUtils - Could not detect default configuration classes for test class [alkemy.test.alkemy.test.AlkemyTestApplicationTests]: AlkemyTestApplicationTests does not declare any static, non-private, non-final, nested classes annotated with @Configuration.
18:10:24.177 [Test worker] DEBUG org.springframework.test.context.support.ActiveProfilesUtils - Could not find an 'annotation declaring class' for annotation type [org.springframework.test.context.ActiveProfiles] and class [alkemy.test.alkemy.test.AlkemyTestApplicationTests]
18:10:24.249 [Test worker] DEBUG org.springframework.context.annotation.ClassPathScanningCandidateComponentProvider - Identified candidate component class: file [/home/william/Documents/alkemy_tests/spring/back/build/classes/java/main/alkemy/test/alkemy/test/AlkemyTestApplication.class]
18:10:24.251 [Test worker] INFO org.springframework.boot.test.context.SpringBootTestContextBootstrapper - Found @SpringBootConfiguration alkemy.test.alkemy.test.AlkemyTestApplication for test class alkemy.test.alkemy.test.AlkemyTestApplicationTests
18:10:24.344 [Test worker] DEBUG org.springframework.boot.test.context.SpringBootTestContextBootstrapper - @TestExecutionListeners is not present for class [alkemy.test.alkemy.test.AlkemyTestApplicationTests]: using defaults.
18:10:24.344 [Test worker] INFO org.springframework.boot.test.context.SpringBootTestContextBootstrapper - Loaded default TestExecutionListener class names from location [META-INF/spring.factories]: [org.springframework.boot.test.autoconfigure.restdocs.RestDocsTestExecutionListener, org.springframework.boot.test.autoconfigure.web.client.MockRestServiceServerResetTestExecutionListener, org.springframework.boot.test.autoconfigure.web.servlet.MockMvcPrintOnlyOnFailureTestExecutionListener, org.springframework.boot.test.autoconfigure.web.servlet.WebDriverTestExecutionListener, org.springframework.boot.test.autoconfigure.webservices.client.MockWebServiceServerTestExecutionListener, org.springframework.boot.test.mock.mockito.MockitoTestExecutionListener, org.springframework.boot.test.mock.mockito.ResetMocksTestExecutionListener, org.springframework.test.context.web.ServletTestExecutionListener, org.springframework.test.context.support.DirtiesContextBeforeModesTestExecutionListener, org.springframework.test.context.event.ApplicationEventsTestExecutionListener, org.springframework.test.context.support.DependencyInjectionTestExecutionListener, org.springframework.test.context.support.DirtiesContextTestExecutionListener, org.springframework.test.context.transaction.TransactionalTestExecutionListener, org.springframework.test.context.jdbc.SqlScriptsTestExecutionListener, org.springframework.test.context.event.EventPublishingTestExecutionListener]
18:10:24.358 [Test worker] INFO org.springframework.boot.test.context.SpringBootTestContextBootstrapper - Using TestExecutionListeners: [org.springframework.test.context.web.ServletTestExecutionListener@1080b026, org.springframework.test.context.support.DirtiesContextBeforeModesTestExecutionListener@58ebfd03, org.springframework.test.context.event.ApplicationEventsTestExecutionListener@5b07730f, org.springframework.boot.test.mock.mockito.MockitoTestExecutionListener@1fdfafd2, org.springframework.boot.test.autoconfigure.SpringBootDependencyInjectionTestExecutionListener@a4b2d8f, org.springframework.test.context.support.DirtiesContextTestExecutionListener@dcfda20, org.springframework.test.context.transaction.TransactionalTestExecutionListener@6d304f9d, org.springframework.test.context.jdbc.SqlScriptsTestExecutionListener@f73dcd6, org.springframework.test.context.event.EventPublishingTestExecutionListener@5c87bfe2, org.springframework.boot.test.autoconfigure.restdocs.RestDocsTestExecutionListener@2fea7088, org.springframework.boot.test.autoconfigure.web.client.MockRestServiceServerResetTestExecutionListener@40499e4f, org.springframework.boot.test.autoconfigure.web.servlet.MockMvcPrintOnlyOnFailureTestExecutionListener@51cd7ffc, org.springframework.boot.test.autoconfigure.web.servlet.WebDriverTestExecutionListener@30d4b288, org.springframework.boot.test.autoconfigure.webservices.client.MockWebServiceServerTestExecutionListener@4cc6fa2a, org.springframework.boot.test.mock.mockito.ResetMocksTestExecutionListener@40f1be1b]
18:10:24.362 [Test worker] DEBUG org.springframework.test.context.support.AbstractDirtiesContextTestExecutionListener - Before test class: context [DefaultTestContext@2b95e48b testClass = AlkemyTestApplicationTests, testInstance = [null], testMethod = [null], testException = [null], mergedContextConfiguration = [WebMergedContextConfiguration@4a3329b9 testClass = AlkemyTestApplicationTests, locations = '{}', classes = '{class alkemy.test.alkemy.test.AlkemyTestApplication}', contextInitializerClasses = '[]', activeProfiles = '{}', propertySourceLocations = '{}', propertySourceProperties = '{org.springframework.boot.test.context.SpringBootTestContextBootstrapper=true}', contextCustomizers = set[org.springframework.boot.test.autoconfigure.actuate.metrics.MetricsExportContextCustomizerFactory$DisableMetricExportContextCustomizer@f107c50, org.springframework.boot.test.autoconfigure.properties.PropertyMappingContextCustomizer@0, org.springframework.boot.test.autoconfigure.web.servlet.WebDriverContextCustomizerFactory$Customizer@5ddcc487, org.springframework.boot.test.context.filter.ExcludeFilterContextCustomizer@4671115f, org.springframework.boot.test.json.DuplicateJsonObjectContextCustomizerFactory$DuplicateJsonObjectContextCustomizer@36060e, org.springframework.boot.test.mock.mockito.MockitoContextCustomizer@0, org.springframework.boot.test.web.client.TestRestTemplateContextCustomizer@6239aba6, org.springframework.boot.test.context.SpringBootTestArgs@1, org.springframework.boot.test.context.SpringBootTestWebEnvironment@6a2f6f80], resourceBasePath = 'src/main/webapp', contextLoader = 'org.springframework.boot.test.context.SpringBootContextLoader', parent = [null]], attributes = map['org.springframework.test.context.web.ServletTestExecutionListener.activateListener' -> true]], class annotated with @DirtiesContext [false] with mode [null].

  .   ____          _            __ _ _
 /\\ / ___'_ __ _ _(_)_ __  __ _ \ \ \ \
( ( )\___ | '_ | '_| | '_ \/ _` | \ \ \ \
 \\/  ___)| |_)| | | | | || (_| |  ) ) ) )
  '  |____| .__|_| |_|_| |_\__, | / / / /
 =========|_|==============|___/=/_/_/_/
 :: Spring Boot ::                (v2.7.4)

2022-09-25 18:10:24.650  INFO 68903 --- [    Test worker] a.t.a.test.AlkemyTestApplicationTests    : Starting AlkemyTestApplicationTests using Java 17.0.4 on Lenovo-Z50-70 with PID 68903 (started by william in /home/william/Documents/alkemy_tests/spring/back)
2022-09-25 18:10:24.652  INFO 68903 --- [    Test worker] a.t.a.test.AlkemyTestApplicationTests    : No active profile set, falling back to 1 default profile: "default"
2022-09-25 18:10:25.347  INFO 68903 --- [    Test worker] .s.d.r.c.RepositoryConfigurationDelegate : Bootstrapping Spring Data JPA repositories in DEFAULT mode.
2022-09-25 18:10:25.387  INFO 68903 --- [    Test worker] .s.d.r.c.RepositoryConfigurationDelegate : Finished Spring Data repository scanning in 32 ms. Found 1 JPA repository interfaces.
2022-09-25 18:10:26.149  INFO 68903 --- [    Test worker] com.zaxxer.hikari.HikariDataSource       : HikariPool-1 - Starting...
2022-09-25 18:10:26.609  INFO 68903 --- [    Test worker] com.zaxxer.hikari.HikariDataSource       : HikariPool-1 - Start completed.
2022-09-25 18:10:26.671  INFO 68903 --- [    Test worker] o.hibernate.jpa.internal.util.LogHelper  : HHH000204: Processing PersistenceUnitInfo [name: default]
2022-09-25 18:10:26.714  INFO 68903 --- [    Test worker] org.hibernate.Version                    : HHH000412: Hibernate ORM core version 5.6.11.Final
2022-09-25 18:10:26.887  INFO 68903 --- [    Test worker] o.hibernate.annotations.common.Version   : HCANN000001: Hibernate Commons Annotations {5.1.2.Final}
2022-09-25 18:10:27.050  INFO 68903 --- [    Test worker] org.hibernate.dialect.Dialect            : HHH000400: Using dialect: org.hibernate.dialect.PostgreSQL10Dialect
2022-09-25 18:10:27.545  INFO 68903 --- [    Test worker] o.h.e.t.j.p.i.JtaPlatformInitiator       : HHH000490: Using JtaPlatform implementation: [org.hibernate.engine.transaction.jta.platform.internal.NoJtaPlatform]
2022-09-25 18:10:27.552  INFO 68903 --- [    Test worker] j.LocalContainerEntityManagerFactoryBean : Initialized JPA EntityManagerFactory for persistence unit 'default'
2022-09-25 18:10:28.031  WARN 68903 --- [    Test worker] JpaBaseConfiguration$JpaWebConfiguration : spring.jpa.open-in-view is enabled by default. Therefore, database queries may be performed during view rendering. Explicitly configure spring.jpa.open-in-view to disable this warning
2022-09-25 18:10:28.561  INFO 68903 --- [    Test worker] a.t.a.test.AlkemyTestApplicationTests    : Started AlkemyTestApplicationTests in 4.165 seconds (JVM running for 5.462)
]]></system-out>
  <system-err><![CDATA[]]></system-err>
</testsuite>
